<?xml version="1.0"?><coverage lines-covered="642" lines-valid="1341" line-rate="0.47874720357941836" branches-covered="0" branches-valid="0" branch-rate="0" complexity="0" version="1.9" timestamp="1775322604"><sources><source>/home/alex/dev/rust/idd-dev</source></sources><packages><package name="idd-dsl/crates/idd-macros/src" line-rate="0" branch-rate="0" complexity="0"><classes><class name="lib" filename="idd-dsl/crates/idd-macros/src/lib.rs" line-rate="0" branch-rate="0" complexity="0"><methods/><lines><line number="46" hits="0"/><line number="47" hits="0"/><line number="48" hits="0"/><line number="49" hits="0"/><line number="50" hits="0"/><line number="51" hits="0"/><line number="52" hits="0"/><line number="53" hits="0"/><line number="54" hits="0"/><line number="55" hits="0"/><line number="56" hits="0"/><line number="74" hits="0"/><line number="75" hits="0"/><line number="76" hits="0"/><line number="77" hits="0"/><line number="78" hits="0"/><line number="79" hits="0"/><line number="80" hits="0"/><line number="81" hits="0"/><line number="82" hits="0"/><line number="96" hits="0"/><line number="97" hits="0"/><line number="98" hits="0"/><line number="99" hits="0"/><line number="100" hits="0"/><line number="106" hits="0"/><line number="107" hits="0"/><line number="108" hits="0"/><line number="109" hits="0"/><line number="111" hits="0"/><line number="112" hits="0"/><line number="113" hits="0"/><line number="114" hits="0"/><line number="117" hits="0"/><line number="118" hits="0"/><line number="119" hits="0"/><line number="120" hits="0"/><line number="122" hits="0"/><line number="123" hits="0"/><line number="124" hits="0"/><line number="125" hits="0"/><line number="127" hits="0"/><line number="132" hits="0"/><line number="133" hits="0"/><line number="134" hits="0"/><line number="136" hits="0"/><line number="137" hits="0"/><line number="138" hits="0"/><line number="142" hits="0"/><line number="143" hits="0"/><line number="144" hits="0"/><line number="145" hits="0"/><line number="148" hits="0"/><line number="149" hits="0"/><line number="150" hits="0"/><line number="153" hits="0"/><line number="154" hits="0"/><line number="155" hits="0"/><line number="156" hits="0"/><line number="162" hits="0"/><line number="167" hits="0"/></lines></class></classes></package><package name="idd-dsl/target/debug/build/serde-37d3e83438400c49/out" line-rate="0" branch-rate="0" complexity="0"><classes></classes></package><package name="idd-dsl/crates/idd-macros/tests" line-rate="1" branch-rate="0" complexity="0"><classes><class name="intent_macro_tests" filename="idd-dsl/crates/idd-macros/tests/intent_macro_tests.rs" line-rate="1" branch-rate="0" complexity="0"><methods/><lines><line number="1" hits="1"/><line number="11" hits="3"/><line number="12" hits="1"/><line number="16" hits="2"/><line number="17" hits="2"/><line number="21" hits="3"/><line number="22" hits="1"/><line number="34" hits="3"/><line number="35" hits="2"/><line number="39" hits="2"/><line number="40" hits="2"/><line number="41" hits="2"/><line number="45" hits="3"/><line number="46" hits="1"/><line number="56" hits="3"/><line number="57" hits="2"/><line number="61" hits="2"/><line number="62" hits="2"/><line number="63" hits="2"/><line number="67" hits="3"/><line number="68" hits="1"/><line number="70" hits="3"/><line number="71" hits="2"/><line number="75" hits="2"/><line number="76" hits="2"/><line number="77" hits="2"/><line number="81" hits="3"/><line number="82" hits="1"/><line number="86" hits="2"/><line number="87" hits="2"/><line number="91" hits="3"/><line number="92" hits="1"/><line number="96" hits="2"/><line number="98" hits="2"/><line number="102" hits="2"/><line number="104" hits="2"/><line number="108" hits="2"/><line number="109" hits="3"/><line number="113" hits="3"/><line number="114" hits="1"/><line number="129" hits="2"/><line number="130" hits="2"/><line number="134" hits="3"/><line number="135" hits="1"/><line number="139" hits="2"/><line number="141" hits="2"/><line number="145" hits="2"/><line number="146" hits="3"/><line number="150" hits="3"/><line number="151" hits="1"/><line number="157" hits="2"/><line number="158" hits="2"/><line number="162" hits="3"/><line number="163" hits="1"/><line number="167" hits="2"/><line number="168" hits="2"/><line number="172" hits="3"/><line number="173" hits="1"/><line number="179" hits="2"/><line number="180" hits="2"/><line number="188" hits="3"/><line number="189" hits="1"/><line number="193" hits="2"/><line number="194" hits="2"/><line number="198" hits="3"/><line number="199" hits="1"/><line number="203" hits="2"/><line number="204" hits="2"/><line number="208" hits="3"/><line number="209" hits="1"/><line number="213" hits="2"/><line number="214" hits="2"/><line number="218" hits="3"/><line number="219" hits="1"/><line number="223" hits="2"/><line number="224" hits="2"/><line number="228" hits="3"/><line number="229" hits="1"/><line number="233" hits="2"/><line number="234" hits="2"/><line number="238" hits="3"/><line number="239" hits="1"/><line number="243" hits="2"/><line number="244" hits="2"/><line number="252" hits="3"/><line number="253" hits="1"/><line number="267" hits="2"/><line number="268" hits="2"/><line number="272" hits="3"/><line number="273" hits="1"/><line number="278" hits="2"/><line number="279" hits="2"/><line number="283" hits="3"/><line number="284" hits="1"/><line number="289" hits="2"/><line number="290" hits="2"/><line number="294" hits="3"/><line number="295" hits="1"/><line number="299" hits="2"/><line number="300" hits="2"/></lines></class></classes></package><package name="idd/target/debug/build/thiserror-aa8c620891b4f59d/out" line-rate="0" branch-rate="0" complexity="0"><classes></classes></package><package name="idd-fir/crates/idd-fir-cli/src" line-rate="0.22105263157894736" branch-rate="0" complexity="0"><classes><class name="main" filename="idd-fir/crates/idd-fir-cli/src/main.rs" line-rate="0.22105263157894736" branch-rate="0" complexity="0"><methods/><lines><line number="10" hits="1"/><line number="12" hits="2"/><line number="13" hits="2"/><line number="14" hits="2"/><line number="15" hits="2"/><line number="16" hits="2"/><line number="17" hits="2"/><line number="18" hits="2"/><line number="19" hits="2"/><line number="20" hits="2"/><line number="21" hits="2"/><line number="22" hits="1"/><line number="252" hits="0"/><line number="253" hits="0"/><line number="254" hits="0"/><line number="255" hits="0"/><line number="256" hits="0"/><line number="258" hits="0"/><line number="259" hits="0"/><line number="263" hits="0"/><line number="266" hits="0"/><line number="268" hits="0"/><line number="269" hits="0"/><line number="270" hits="0"/><line number="271" hits="0"/><line number="272" hits="0"/><line number="273" hits="0"/><line number="274" hits="0"/><line number="275" hits="0"/><line number="276" hits="0"/><line number="277" hits="0"/><line number="278" hits="0"/><line number="279" hits="0"/><line number="280" hits="0"/><line number="281" hits="0"/><line number="282" hits="0"/><line number="283" hits="0"/><line number="285" hits="0"/><line number="286" hits="0"/><line number="287" hits="0"/><line number="289" hits="0"/><line number="290" hits="0"/><line number="291" hits="0"/><line number="296" hits="0"/><line number="297" hits="0"/><line number="298" hits="0"/><line number="301" hits="0"/><line number="302" hits="0"/><line number="303" hits="0"/><line number="304" hits="0"/><line number="307" hits="9"/><line number="312" hits="9"/><line number="313" hits="11"/><line number="314" hits="11"/><line number="316" hits="17"/><line number="317" hits="9"/><line number="320" hits="8"/><line number="321" hits="20"/><line number="322" hits="7"/><line number="323" hits="4"/><line number="328" hits="0"/><line number="329" hits="0"/><line number="330" hits="0"/><line number="332" hits="0"/><line number="333" hits="0"/><line number="337" hits="0"/><line number="339" hits="0"/><line number="341" hits="0"/><line number="343" hits="0"/><line number="344" hits="0"/><line number="345" hits="0"/><line number="346" hits="0"/><line number="347" hits="0"/><line number="348" hits="0"/><line number="351" hits="0"/><line number="352" hits="0"/><line number="353" hits="0"/><line number="354" hits="0"/><line number="355" hits="0"/><line number="356" hits="0"/><line number="359" hits="0"/><line number="360" hits="0"/><line number="361" hits="0"/><line number="362" hits="0"/><line number="363" hits="0"/><line number="364" hits="0"/><line number="368" hits="0"/><line number="371" hits="0"/><line number="378" hits="0"/><line number="379" hits="0"/><line number="380" hits="0"/><line number="381" hits="0"/><line number="384" hits="0"/><line number="385" hits="0"/><line number="386" hits="0"/><line number="387" hits="0"/><line number="389" hits="0"/><line number="390" hits="0"/><line number="392" hits="0"/><line number="393" hits="0"/><line number="394" hits="0"/><line number="395" hits="0"/><line number="396" hits="0"/><line number="397" hits="0"/><line number="398" hits="0"/><line number="399" hits="0"/><line number="400" hits="0"/><line number="401" hits="0"/><line number="402" hits="0"/><line number="403" hits="0"/><line number="404" hits="0"/><line number="405" hits="0"/><line number="406" hits="0"/><line number="407" hits="0"/><line number="411" hits="0"/><line number="419" hits="0"/><line number="420" hits="0"/><line number="421" hits="0"/><line number="423" hits="0"/><line number="425" hits="0"/><line number="430" hits="0"/><line number="438" hits="0"/><line number="439" hits="0"/><line number="441" hits="0"/><line number="442" hits="0"/><line number="452" hits="0"/><line number="453" hits="0"/><line number="454" hits="0"/><line number="456" hits="0"/><line number="458" hits="0"/><line number="459" hits="0"/><line number="462" hits="0"/><line number="464" hits="0"/><line number="467" hits="0"/><line number="468" hits="0"/><line number="471" hits="0"/><line number="472" hits="0"/><line number="475" hits="0"/><line number="476" hits="0"/><line number="479" hits="0"/><line number="480" hits="0"/><line number="483" hits="0"/><line number="484" hits="0"/><line number="487" hits="0"/><line number="488" hits="0"/><line number="489" hits="0"/><line number="492" hits="0"/><line number="494" hits="0"/><line number="495" hits="0"/><line number="496" hits="0"/><line number="499" hits="0"/><line number="500" hits="0"/><line number="501" hits="0"/><line number="503" hits="0"/><line number="506" hits="0"/><line number="509" hits="0"/><line number="510" hits="0"/><line number="511" hits="0"/><line number="513" hits="0"/><line number="514" hits="0"/><line number="515" hits="0"/><line number="516" hits="0"/><line number="517" hits="0"/><line number="519" hits="0"/><line number="520" hits="0"/><line number="521" hits="0"/><line number="522" hits="0"/><line number="523" hits="0"/><line number="524" hits="0"/><line number="526" hits="0"/><line number="527" hits="0"/><line number="530" hits="0"/><line number="531" hits="0"/><line number="533" hits="0"/><line number="534" hits="0"/><line number="535" hits="0"/><line number="536" hits="0"/><line number="537" hits="0"/><line number="538" hits="0"/><line number="539" hits="0"/><line number="540" hits="0"/><line number="542" hits="0"/><line number="543" hits="0"/><line number="544" hits="0"/><line number="545" hits="0"/><line number="546" hits="0"/><line number="547" hits="0"/><line number="548" hits="0"/><line number="549" hits="0"/><line number="552" hits="0"/><line number="555" hits="0"/><line number="558" hits="0"/><line number="559" hits="0"/><line number="560" hits="0"/><line number="564" hits="0"/><line number="565" hits="0"/><line number="566" hits="0"/><line number="567" hits="0"/><line number="569" hits="0"/><line number="573" hits="0"/><line number="574" hits="0"/><line number="575" hits="0"/><line number="576" hits="0"/><line number="577" hits="0"/><line number="583" hits="0"/><line number="584" hits="0"/><line number="585" hits="0"/><line number="591" hits="0"/><line number="592" hits="0"/><line number="593" hits="0"/><line number="598" hits="0"/><line number="599" hits="0"/><line number="600" hits="0"/><line number="602" hits="0"/><line number="603" hits="0"/><line number="610" hits="0"/><line number="611" hits="0"/><line number="612" hits="0"/><line number="613" hits="0"/><line number="615" hits="0"/><line number="616" hits="0"/><line number="617" hits="0"/><line number="618" hits="0"/><line number="620" hits="0"/><line number="623" hits="0"/><line number="624" hits="0"/><line number="625" hits="0"/><line number="627" hits="0"/><line number="628" hits="0"/><line number="630" hits="0"/><line number="631" hits="0"/><line number="632" hits="0"/><line number="633" hits="0"/><line number="635" hits="0"/><line number="638" hits="0"/><line number="639" hits="0"/><line number="640" hits="0"/><line number="642" hits="0"/><line number="643" hits="0"/><line number="644" hits="0"/><line number="645" hits="0"/><line number="650" hits="0"/><line number="651" hits="0"/><line number="652" hits="0"/><line number="653" hits="0"/><line number="655" hits="0"/><line number="658" hits="0"/><line number="659" hits="0"/><line number="660" hits="0"/><line number="662" hits="0"/><line number="663" hits="0"/><line number="664" hits="0"/><line number="665" hits="0"/><line number="670" hits="0"/><line number="671" hits="0"/><line number="672" hits="0"/><line number="673" hits="0"/><line number="674" hits="0"/><line number="675" hits="0"/><line number="676" hits="0"/><line number="678" hits="0"/><line number="681" hits="0"/><line number="682" hits="0"/><line number="683" hits="0"/><line number="686" hits="0"/><line number="687" hits="0"/><line number="689" hits="0"/><line number="691" hits="0"/><line number="692" hits="0"/><line number="694" hits="0"/><line number="695" hits="0"/><line number="698" hits="0"/><line number="699" hits="0"/><line number="702" hits="0"/><line number="703" hits="0"/><line number="704" hits="0"/><line number="705" hits="0"/><line number="706" hits="0"/><line number="708" hits="0"/><line number="711" hits="0"/><line number="712" hits="0"/><line number="713" hits="0"/><line number="715" hits="0"/><line number="717" hits="0"/><line number="718" hits="0"/><line number="719" hits="0"/><line number="720" hits="0"/><line number="721" hits="0"/><line number="722" hits="0"/><line number="727" hits="0"/><line number="730" hits="0"/><line number="731" hits="0"/><line number="732" hits="0"/><line number="733" hits="0"/><line number="735" hits="0"/><line number="738" hits="0"/><line number="739" hits="0"/><line number="740" hits="0"/><line number="741" hits="0"/><line number="742" hits="0"/><line number="745" hits="0"/><line number="746" hits="0"/><line number="747" hits="0"/><line number="749" hits="0"/><line number="753" hits="0"/><line number="754" hits="0"/><line number="755" hits="0"/><line number="756" hits="0"/><line number="757" hits="0"/><line number="758" hits="0"/><line number="760" hits="0"/><line number="761" hits="0"/><line number="765" hits="0"/><line number="766" hits="0"/><line number="767" hits="0"/><line number="769" hits="0"/><line number="770" hits="0"/><line number="771" hits="0"/><line number="774" hits="0"/><line number="777" hits="0"/><line number="778" hits="0"/><line number="779" hits="0"/><line number="780" hits="0"/><line number="781" hits="0"/><line number="782" hits="0"/><line number="783" hits="0"/><line number="784" hits="0"/><line number="788" hits="0"/><line number="789" hits="0"/><line number="790" hits="0"/><line number="792" hits="0"/><line number="793" hits="0"/><line number="794" hits="0"/><line number="795" hits="0"/><line number="796" hits="0"/><line number="799" hits="0"/><line number="800" hits="0"/><line number="801" hits="0"/><line number="802" hits="0"/><line number="803" hits="0"/><line number="804" hits="0"/><line number="810" hits="0"/><line number="811" hits="0"/><line number="812" hits="0"/><line number="814" hits="0"/><line number="815" hits="0"/><line number="816" hits="0"/><line number="818" hits="0"/><line number="819" hits="0"/><line number="821" hits="0"/><line number="824" hits="0"/><line number="825" hits="0"/><line number="826" hits="0"/><line number="827" hits="0"/><line number="828" hits="0"/><line number="832" hits="0"/><line number="833" hits="0"/><line number="834" hits="0"/><line number="835" hits="0"/><line number="836" hits="0"/><line number="837" hits="0"/><line number="845" hits="0"/><line number="846" hits="0"/><line number="847" hits="0"/><line number="849" hits="0"/><line number="850" hits="0"/><line number="853" hits="0"/><line number="854" hits="0"/><line number="855" hits="0"/><line number="856" hits="0"/><line number="860" hits="0"/><line number="861" hits="0"/><line number="862" hits="0"/><line number="865" hits="0"/><line number="866" hits="0"/><line number="868" hits="0"/><line number="871" hits="0"/><line number="872" hits="0"/><line number="873" hits="0"/><line number="875" hits="0"/><line number="878" hits="0"/><line number="879" hits="0"/><line number="880" hits="0"/><line number="883" hits="0"/><line number="884" hits="0"/><line number="885" hits="0"/><line number="886" hits="0"/><line number="888" hits="0"/><line number="891" hits="0"/><line number="893" hits="0"/><line number="895" hits="0"/><line number="898" hits="0"/><line number="901" hits="1"/><line number="902" hits="2"/><line number="903" hits="1"/><line number="905" hits="3"/><line number="906" hits="2"/><line number="908" hits="2"/><line number="909" hits="1"/><line number="910" hits="1"/><line number="911" hits="1"/><line number="913" hits="3"/><line number="914" hits="1"/><line number="916" hits="2"/><line number="917" hits="1"/><line number="918" hits="1"/><line number="920" hits="2"/><line number="922" hits="1"/><line number="925" hits="2"/><line number="926" hits="2"/><line number="927" hits="1"/><line number="929" hits="3"/><line number="930" hits="1"/><line number="932" hits="4"/><line number="933" hits="1"/><line number="937" hits="1"/><line number="939" hits="1"/><line number="940" hits="3"/><line number="943" hits="2"/><line number="944" hits="2"/><line number="947" hits="1"/><line number="948" hits="4"/><line number="951" hits="2"/><line number="952" hits="3"/><line number="953" hits="2"/><line number="954" hits="1"/><line number="958" hits="1"/><line number="959" hits="2"/><line number="960" hits="4"/><line number="962" hits="3"/><line number="963" hits="1"/><line number="964" hits="1"/><line number="966" hits="6"/><line number="967" hits="2"/><line number="968" hits="1"/><line number="969" hits="4"/><line number="970" hits="4"/><line number="972" hits="1"/><line number="975" hits="3"/><line number="976" hits="6"/><line number="978" hits="7"/><line number="979" hits="2"/><line number="980" hits="1"/><line number="983" hits="6"/><line number="984" hits="1"/><line number="985" hits="3"/><line number="986" hits="1"/><line number="987" hits="1"/><line number="988" hits="1"/><line number="990" hits="1"/><line number="991" hits="2"/><line number="992" hits="3"/><line number="994" hits="2"/><line number="997" hits="3"/><line number="1000" hits="2"/><line number="1001" hits="1"/><line number="1002" hits="2"/><line number="1003" hits="2"/><line number="1005" hits="1"/><line number="1007" hits="6"/><line number="1008" hits="2"/><line number="1009" hits="1"/><line number="1012" hits="8"/><line number="1013" hits="16"/><line number="1014" hits="18"/><line number="1016" hits="8"/><line number="1017" hits="5"/><line number="1018" hits="5"/><line number="1019" hits="1"/><line number="1023" hits="10"/><line number="1024" hits="2"/><line number="1025" hits="2"/><line number="1026" hits="4"/><line number="1027" hits="3"/><line number="1029" hits="2"/></lines></class></classes></package><package name="idd-dsl/target/debug/build/serde_core-1d20d4037d30c199/out" line-rate="0" branch-rate="0" complexity="0"><classes></classes></package><package name="idd-fir/crates/idd-fir-fs/src" line-rate="0.4625" branch-rate="0" complexity="0"><classes><class name="file_backend" filename="idd-fir/crates/idd-fir-fs/src/file_backend.rs" line-rate="0.4068965517241379" branch-rate="0" complexity="0"><methods/><lines><line number="11" hits="1"/><line number="12" hits="1"/><line number="13" hits="1"/><line number="15" hits="1"/><line number="16" hits="0"/><line number="17" hits="1"/><line number="18" hits="2"/><line number="19" hits="1"/><line number="20" hits="1"/><line number="23" hits="1"/><line number="24" hits="3"/><line number="25" hits="3"/><line number="26" hits="2"/><line number="28" hits="0"/><line number="31" hits="4"/><line number="32" hits="0"/><line number="33" hits="0"/><line number="42" hits="2"/><line number="45" hits="1"/><line number="47" hits="5"/><line number="48" hits="2"/><line number="51" hits="3"/><line number="52" hits="3"/><line number="55" hits="1"/><line number="56" hits="2"/><line number="58" hits="1"/><line number="61" hits="0"/><line number="62" hits="0"/><line number="65" hits="0"/><line number="66" hits="0"/><line number="68" hits="0"/><line number="71" hits="1"/><line number="72" hits="1"/><line number="73" hits="2"/><line number="74" hits="1"/><line number="75" hits="1"/><line number="76" hits="1"/><line number="77" hits="1"/><line number="80" hits="3"/><line number="81" hits="3"/><line number="82" hits="9"/><line number="83" hits="9"/><line number="84" hits="6"/><line number="86" hits="0"/><line number="89" hits="0"/><line number="92" hits="0"/><line number="93" hits="0"/><line number="94" hits="0"/><line number="95" hits="0"/><line number="96" hits="0"/><line number="97" hits="0"/><line number="99" hits="0"/><line number="104" hits="3"/><line number="105" hits="3"/><line number="106" hits="0"/><line number="107" hits="6"/><line number="108" hits="0"/><line number="112" hits="3"/><line number="113" hits="3"/><line number="114" hits="3"/><line number="118" hits="6"/><line number="119" hits="3"/><line number="120" hits="2"/><line number="121" hits="2"/><line number="122" hits="1"/><line number="123" hits="4"/><line number="124" hits="1"/><line number="125" hits="0"/><line number="126" hits="0"/><line number="127" hits="0"/><line number="132" hits="4"/><line number="133" hits="2"/><line number="134" hits="0"/><line number="135" hits="0"/><line number="136" hits="0"/><line number="137" hits="0"/><line number="138" hits="0"/><line number="139" hits="0"/><line number="140" hits="0"/><line number="141" hits="0"/><line number="146" hits="4"/><line number="147" hits="2"/><line number="148" hits="0"/><line number="149" hits="0"/><line number="150" hits="0"/><line number="151" hits="0"/><line number="152" hits="0"/><line number="153" hits="0"/><line number="154" hits="0"/><line number="155" hits="0"/><line number="160" hits="2"/><line number="163" hits="1"/><line number="164" hits="1"/><line number="165" hits="2"/><line number="166" hits="0"/><line number="167" hits="0"/><line number="170" hits="1"/><line number="171" hits="1"/><line number="172" hits="1"/><line number="173" hits="2"/><line number="176" hits="0"/><line number="177" hits="0"/><line number="178" hits="0"/><line number="179" hits="0"/><line number="180" hits="0"/><line number="183" hits="0"/><line number="184" hits="0"/><line number="185" hits="0"/><line number="186" hits="0"/><line number="189" hits="0"/><line number="190" hits="0"/><line number="191" hits="0"/><line number="192" hits="0"/><line number="193" hits="0"/><line number="196" hits="0"/><line number="197" hits="0"/><line number="198" hits="0"/><line number="199" hits="0"/><line number="202" hits="0"/><line number="203" hits="0"/><line number="204" hits="0"/><line number="205" hits="0"/><line number="206" hits="0"/><line number="210" hits="0"/><line number="211" hits="0"/><line number="212" hits="0"/><line number="214" hits="0"/><line number="215" hits="0"/><line number="216" hits="0"/><line number="217" hits="0"/><line number="219" hits="0"/><line number="220" hits="0"/><line number="225" hits="0"/><line number="226" hits="0"/><line number="227" hits="0"/><line number="228" hits="0"/><line number="230" hits="0"/><line number="231" hits="0"/><line number="236" hits="0"/><line number="237" hits="0"/><line number="238" hits="0"/><line number="239" hits="0"/><line number="241" hits="0"/><line number="242" hits="0"/><line number="247" hits="0"/></lines></class><class name="frontmatter" filename="idd-fir/crates/idd-fir-fs/src/frontmatter.rs" line-rate="1" branch-rate="0" complexity="0"><methods/><lines><line number="9" hits="4"/><line number="10" hits="3"/><line number="11" hits="2"/><line number="12" hits="2"/><line number="15" hits="2"/><line number="16" hits="2"/><line number="18" hits="4"/><line number="21" hits="1"/><line number="22" hits="2"/><line number="24" hits="3"/><line number="25" hits="6"/><line number="27" hits="1"/><line number="30" hits="3"/><line number="31" hits="2"/><line number="32" hits="4"/></lines></class></classes></package><package name="idd/crates/idd-core/src" line-rate="0" branch-rate="0" complexity="0"><classes></classes></package><package name="idd-dsl/crates/idd-dsl-core/src" line-rate="0.5692307692307692" branch-rate="0" complexity="0"><classes><class name="declaration" filename="idd-dsl/crates/idd-dsl-core/src/declaration.rs" line-rate="0.5483870967741935" branch-rate="0" complexity="0"><methods/><lines><line number="11" hits="3"/><line number="12" hits="8"/><line number="17" hits="0"/><line number="18" hits="0"/><line number="73" hits="1"/><line number="74" hits="1"/><line number="77" hits="1"/><line number="78" hits="2"/><line number="79" hits="1"/><line number="82" hits="1"/><line number="83" hits="1"/><line number="84" hits="1"/><line number="87" hits="1"/><line number="88" hits="1"/><line number="89" hits="1"/><line number="92" hits="1"/><line number="93" hits="1"/><line number="94" hits="1"/><line number="97" hits="1"/><line number="98" hits="2"/><line number="99" hits="1"/><line number="102" hits="1"/><line number="103" hits="2"/><line number="104" hits="1"/><line number="107" hits="0"/><line number="108" hits="0"/><line number="109" hits="0"/><line number="112" hits="0"/><line number="113" hits="0"/><line number="114" hits="0"/><line number="117" hits="0"/><line number="118" hits="0"/><line number="119" hits="0"/><line number="127" hits="0"/><line number="128" hits="0"/><line number="129" hits="0"/><line number="131" hits="0"/><line number="134" hits="0"/><line number="135" hits="0"/><line number="136" hits="0"/><line number="139" hits="1"/><line number="140" hits="3"/><line number="141" hits="3"/><line number="143" hits="2"/><line number="144" hits="3"/><line number="146" hits="2"/><line number="147" hits="3"/><line number="149" hits="2"/><line number="150" hits="4"/><line number="152" hits="2"/><line number="153" hits="3"/><line number="155" hits="2"/><line number="157" hits="0"/><line number="158" hits="0"/><line number="162" hits="0"/><line number="163" hits="0"/><line number="164" hits="0"/><line number="165" hits="0"/><line number="167" hits="0"/><line number="168" hits="0"/><line number="169" hits="0"/><line number="170" hits="0"/></lines></class><class name="enforcement" filename="idd-dsl/crates/idd-dsl-core/src/enforcement.rs" line-rate="1" branch-rate="0" complexity="0"><methods/><lines><line number="21" hits="4"/><line number="25" hits="1"/><line number="26" hits="4"/></lines></class></classes></package><package name="idd-dsl/target/debug/build/thiserror-aa8c620891b4f59d/out" line-rate="0" branch-rate="0" complexity="0"><classes></classes></package><package name="idd-dsl/crates/idd-dsl-parser/src" line-rate="0.8717948717948718" branch-rate="0" complexity="0"><classes><class name="parser" filename="idd-dsl/crates/idd-dsl-parser/src/parser.rs" line-rate="0.8717948717948718" branch-rate="0" complexity="0"><methods/><lines><line number="88" hits="10"/><line number="90" hits="9"/><line number="91" hits="3"/><line number="92" hits="3"/><line number="93" hits="3"/><line number="94" hits="3"/><line number="95" hits="3"/><line number="96" hits="2"/><line number="97" hits="2"/><line number="98" hits="2"/><line number="99" hits="1"/><line number="103" hits="8"/><line number="105" hits="3"/><line number="106" hits="2"/><line number="107" hits="8"/><line number="108" hits="2"/><line number="109" hits="2"/><line number="110" hits="2"/><line number="111" hits="3"/><line number="112" hits="1"/><line number="116" hits="1"/><line number="118" hits="8"/><line number="119" hits="2"/><line number="120" hits="2"/><line number="121" hits="1"/><line number="125" hits="1"/><line number="127" hits="1"/><line number="128" hits="1"/><line number="129" hits="1"/><line number="130" hits="1"/><line number="131" hits="1"/><line number="132" hits="2"/><line number="133" hits="2"/><line number="134" hits="0"/><line number="138" hits="11"/><line number="139" hits="12"/><line number="140" hits="2"/><line number="141" hits="8"/><line number="143" hits="6"/><line number="146" hits="3"/><line number="148" hits="6"/><line number="150" hits="6"/><line number="152" hits="3"/><line number="153" hits="1"/><line number="154" hits="1"/><line number="157" hits="1"/><line number="158" hits="6"/><line number="162" hits="6"/><line number="163" hits="6"/><line number="164" hits="1"/><line number="165" hits="6"/><line number="166" hits="6"/><line number="167" hits="1"/><line number="168" hits="6"/><line number="172" hits="1"/><line number="174" hits="1"/><line number="175" hits="1"/><line number="176" hits="1"/><line number="187" hits="0"/><line number="188" hits="0"/><line number="189" hits="0"/><line number="191" hits="0"/><line number="194" hits="0"/><line number="197" hits="0"/><line number="199" hits="0"/><line number="200" hits="0"/><line number="201" hits="0"/><line number="207" hits="1"/><line number="210" hits="1"/><line number="211" hits="2"/><line number="212" hits="3"/><line number="213" hits="1"/><line number="214" hits="1"/><line number="215" hits="2"/><line number="216" hits="1"/><line number="217" hits="1"/><line number="218" hits="2"/><line number="223" hits="1"/></lines></class></classes></package><package name="idd-fir/crates/idd-fir-core/src" line-rate="0.6842105263157895" branch-rate="0" complexity="0"><classes><class name="integrity" filename="idd-fir/crates/idd-fir-core/src/integrity.rs" line-rate="0.6823529411764706" branch-rate="0" complexity="0"><methods/><lines><line number="21" hits="1"/><line number="25" hits="4"/><line number="26" hits="1"/><line number="27" hits="1"/><line number="28" hits="1"/><line number="29" hits="1"/><line number="30" hits="2"/><line number="31" hits="1"/><line number="32" hits="2"/><line number="33" hits="2"/><line number="36" hits="4"/><line number="37" hits="5"/><line number="38" hits="5"/><line number="39" hits="0"/><line number="40" hits="0"/><line number="42" hits="0"/><line number="43" hits="0"/><line number="47" hits="2"/><line number="48" hits="0"/><line number="49" hits="0"/><line number="51" hits="0"/><line number="52" hits="0"/><line number="56" hits="1"/><line number="57" hits="0"/><line number="58" hits="0"/><line number="60" hits="0"/><line number="61" hits="0"/><line number="65" hits="2"/><line number="66" hits="0"/><line number="67" hits="0"/><line number="69" hits="0"/><line number="70" hits="0"/><line number="77" hits="1"/><line number="78" hits="2"/><line number="79" hits="2"/><line number="80" hits="6"/><line number="81" hits="0"/><line number="83" hits="0"/><line number="84" hits="0"/><line number="90" hits="2"/><line number="95" hits="2"/><line number="96" hits="0"/><line number="98" hits="5"/><line number="99" hits="0"/><line number="101" hits="4"/><line number="102" hits="0"/><line number="103" hits="0"/><line number="106" hits="4"/><line number="107" hits="4"/><line number="110" hits="1"/><line number="111" hits="2"/><line number="112" hits="8"/><line number="113" hits="0"/><line number="115" hits="0"/><line number="116" hits="0"/><line number="122" hits="4"/><line number="127" hits="4"/><line number="128" hits="21"/><line number="129" hits="11"/><line number="130" hits="3"/><line number="131" hits="0"/><line number="132" hits="3"/><line number="133" hits="6"/><line number="139" hits="1"/><line number="141" hits="1"/><line number="143" hits="1"/><line number="144" hits="8"/><line number="150" hits="2"/><line number="152" hits="2"/><line number="154" hits="2"/><line number="155" hits="3"/><line number="161" hits="3"/><line number="163" hits="2"/><line number="165" hits="2"/><line number="166" hits="4"/><line number="172" hits="1"/><line number="177" hits="2"/><line number="180" hits="14"/><line number="181" hits="2"/><line number="184" hits="6"/><line number="186" hits="6"/><line number="187" hits="2"/><line number="188" hits="1"/><line number="190" hits="1"/><line number="191" hits="2"/></lines></class><class name="memory" filename="idd-fir/crates/idd-fir-core/src/memory.rs" line-rate="0.5483870967741935" branch-rate="0" complexity="0"><methods/><lines><line number="10" hits="0"/><line number="11" hits="0"/><line number="14" hits="16"/><line number="18" hits="0"/><line number="24" hits="1"/><line number="25" hits="1"/><line number="28" hits="2"/><line number="29" hits="2"/><line number="30" hits="2"/><line number="32" hits="2"/><line number="35" hits="1"/><line number="36" hits="2"/><line number="40" hits="3"/><line number="42" hits="2"/><line number="44" hits="0"/><line number="46" hits="1"/><line number="49" hits="0"/><line number="50" hits="0"/><line number="51" hits="0"/><line number="53" hits="0"/><line number="56" hits="0"/><line number="57" hits="0"/><line number="58" hits="0"/><line number="60" hits="0"/><line number="62" hits="0"/><line number="65" hits="0"/><line number="66" hits="0"/><line number="67" hits="0"/><line number="69" hits="0"/><line number="72" hits="0"/><line number="73" hits="0"/><line number="77" hits="0"/><line number="79" hits="0"/><line number="81" hits="0"/><line number="83" hits="0"/><line number="86" hits="0"/><line number="87" hits="0"/><line number="88" hits="0"/><line number="89" hits="0"/><line number="90" hits="0"/><line number="94" hits="1"/><line number="95" hits="1"/><line number="96" hits="1"/><line number="98" hits="8"/><line number="99" hits="8"/><line number="100" hits="1"/><line number="101" hits="1"/><line number="103" hits="1"/><line number="104" hits="2"/><line number="109" hits="3"/><line number="110" hits="6"/><line number="111" hits="1"/><line number="112" hits="2"/><line number="114" hits="1"/><line number="115" hits="2"/><line number="120" hits="3"/><line number="121" hits="7"/><line number="122" hits="1"/><line number="123" hits="1"/><line number="125" hits="1"/><line number="126" hits="2"/><line number="131" hits="3"/></lines></class><class name="model" filename="idd-fir/crates/idd-fir-core/src/model.rs" line-rate="0.7171717171717171" branch-rate="0" complexity="0"><methods/><lines><line number="11" hits="19"/><line number="12" hits="19"/><line number="17" hits="1"/><line number="18" hits="1"/><line number="26" hits="17"/><line number="27" hits="17"/><line number="32" hits="1"/><line number="33" hits="1"/><line number="41" hits="17"/><line number="42" hits="17"/><line number="47" hits="1"/><line number="48" hits="1"/><line number="70" hits="1"/><line number="71" hits="1"/><line number="72" hits="1"/><line number="73" hits="1"/><line number="74" hits="1"/><line number="75" hits="1"/><line number="76" hits="1"/><line number="77" hits="1"/><line number="78" hits="1"/><line number="79" hits="1"/><line number="83" hits="1"/><line number="84" hits="1"/><line number="85" hits="1"/><line number="90" hits="1"/><line number="91" hits="1"/><line number="92" hits="1"/><line number="102" hits="1"/><line number="103" hits="1"/><line number="104" hits="1"/><line number="105" hits="1"/><line number="106" hits="1"/><line number="107" hits="1"/><line number="108" hits="1"/><line number="109" hits="1"/><line number="110" hits="1"/><line number="111" hits="1"/><line number="112" hits="1"/><line number="113" hits="1"/><line number="115" hits="1"/><line number="246" hits="19"/><line number="247" hits="26"/><line number="250" hits="5"/><line number="251" hits="16"/><line number="254" hits="0"/><line number="255" hits="0"/><line number="258" hits="0"/><line number="259" hits="0"/><line number="262" hits="0"/><line number="263" hits="0"/><line number="266" hits="1"/><line number="267" hits="1"/><line number="268" hits="1"/><line number="269" hits="2"/><line number="272" hits="0"/><line number="273" hits="0"/><line number="274" hits="0"/><line number="275" hits="0"/><line number="278" hits="0"/><line number="279" hits="0"/><line number="280" hits="0"/><line number="281" hits="0"/><line number="284" hits="1"/><line number="285" hits="1"/><line number="287" hits="3"/><line number="291" hits="0"/><line number="292" hits="0"/><line number="294" hits="0"/><line number="298" hits="0"/><line number="299" hits="0"/><line number="301" hits="0"/><line number="305" hits="0"/><line number="306" hits="0"/><line number="308" hits="0"/><line number="312" hits="0"/><line number="313" hits="0"/><line number="315" hits="0"/><line number="319" hits="1"/><line number="320" hits="1"/><line number="323" hits="1"/><line number="328" hits="3"/><line number="329" hits="1"/><line number="330" hits="1"/><line number="331" hits="1"/><line number="334" hits="1"/><line number="342" hits="2"/><line number="343" hits="0"/><line number="345" hits="1"/><line number="346" hits="0"/><line number="348" hits="2"/><line number="349" hits="1"/><line number="350" hits="1"/><line number="351" hits="1"/><line number="400" hits="4"/><line number="422" hits="4"/><line number="424" hits="4"/><line number="953" hits="4"/><line number="955" hits="4"/></lines></class><class name="query" filename="idd-fir/crates/idd-fir-core/src/query.rs" line-rate="0.7758620689655172" branch-rate="0" complexity="0"><methods/><lines><line number="197" hits="8"/><line number="200" hits="7"/><line number="211" hits="2"/><line number="212" hits="3"/><line number="213" hits="1"/><line number="217" hits="1"/><line number="218" hits="2"/><line number="219" hits="1"/><line number="223" hits="0"/><line number="224" hits="0"/><line number="225" hits="0"/><line number="229" hits="0"/><line number="230" hits="0"/><line number="231" hits="0"/><line number="235" hits="1"/><line number="236" hits="2"/><line number="237" hits="1"/><line number="241" hits="1"/><line number="242" hits="2"/><line number="243" hits="1"/><line number="247" hits="1"/><line number="248" hits="1"/><line number="249" hits="1"/><line number="253" hits="1"/><line number="254" hits="1"/><line number="255" hits="1"/><line number="259" hits="2"/><line number="260" hits="10"/><line number="261" hits="1"/><line number="262" hits="1"/><line number="265" hits="2"/><line number="266" hits="0"/><line number="268" hits="4"/><line number="269" hits="2"/><line number="270" hits="1"/><line number="272" hits="8"/><line number="273" hits="3"/><line number="274" hits="1"/><line number="277" hits="1"/><line number="278" hits="0"/><line number="279" hits="0"/><line number="282" hits="5"/><line number="283" hits="0"/><line number="284" hits="0"/><line number="287" hits="2"/><line number="288" hits="3"/><line number="289" hits="1"/><line number="292" hits="5"/><line number="293" hits="1"/><line number="294" hits="1"/><line number="297" hits="4"/><line number="298" hits="2"/><line number="299" hits="2"/><line number="300" hits="1"/><line number="301" hits="0"/><line number="303" hits="1"/><line number="304" hits="0"/><line number="307" hits="2"/></lines></class></classes></package><package name="idd/crates/idd-cli/src" line-rate="0.5102040816326531" branch-rate="0" complexity="0"><classes><class name="main" filename="idd/crates/idd-cli/src/main.rs" line-rate="0.5102040816326531" branch-rate="0" complexity="0"><methods/><lines><line number="23" hits="0"/><line number="24" hits="0"/><line number="26" hits="0"/><line number="27" hits="0"/><line number="28" hits="0"/><line number="31" hits="0"/><line number="33" hits="0"/><line number="34" hits="0"/><line number="35" hits="0"/><line number="37" hits="0"/><line number="38" hits="0"/><line number="39" hits="0"/><line number="42" hits="0"/><line number="45" hits="0"/><line number="46" hits="0"/><line number="47" hits="0"/><line number="48" hits="0"/><line number="51" hits="0"/><line number="56" hits="0"/><line number="57" hits="0"/><line number="59" hits="0"/><line number="61" hits="0"/><line number="62" hits="0"/><line number="65" hits="0"/><line number="68" hits="2"/><line number="69" hits="2"/><line number="71" hits="4"/><line number="72" hits="4"/><line number="73" hits="4"/><line number="74" hits="4"/><line number="75" hits="0"/><line number="79" hits="2"/><line number="83" hits="2"/><line number="85" hits="2"/><line number="86" hits="6"/><line number="95" hits="1"/><line number="96" hits="1"/><line number="97" hits="1"/><line number="98" hits="1"/><line number="99" hits="1"/><line number="100" hits="1"/><line number="102" hits="1"/><line number="103" hits="2"/><line number="104" hits="2"/><line number="106" hits="0"/><line number="107" hits="0"/><line number="111" hits="2"/><line number="112" hits="1"/><line number="115" hits="2"/><line number="116" hits="1"/><line number="118" hits="3"/><line number="119" hits="4"/><line number="120" hits="3"/><line number="121" hits="0"/><line number="124" hits="0"/><line number="125" hits="0"/><line number="126" hits="0"/><line number="127" hits="0"/><line number="128" hits="0"/><line number="129" hits="0"/><line number="130" hits="0"/><line number="136" hits="1"/><line number="137" hits="1"/><line number="138" hits="1"/><line number="141" hits="1"/><line number="142" hits="1"/><line number="143" hits="1"/><line number="144" hits="0"/><line number="146" hits="2"/><line number="147" hits="2"/><line number="150" hits="1"/><line number="152" hits="1"/><line number="153" hits="0"/><line number="154" hits="0"/><line number="155" hits="0"/><line number="161" hits="3"/><line number="162" hits="2"/><line number="163" hits="2"/><line number="164" hits="2"/><line number="165" hits="1"/><line number="170" hits="0"/><line number="171" hits="0"/><line number="172" hits="0"/><line number="175" hits="0"/><line number="176" hits="0"/><line number="177" hits="0"/><line number="178" hits="0"/><line number="179" hits="0"/><line number="183" hits="0"/><line number="188" hits="1"/><line number="189" hits="3"/><line number="190" hits="9"/><line number="191" hits="10"/><line number="192" hits="4"/><line number="194" hits="1"/><line number="198" hits="2"/><line number="199" hits="2"/><line number="200" hits="1"/></lines></class></classes></package></packages></coverage>