TN:
SF:/home/alex/dev/rust/idd-dev/idd-dsl/crates/idd-dsl-core/src/declaration.rs
FN:11,DeclarationId::new
FN:17,<impl Display for DeclarationId>::fmt
FN:73,DeclarationBuilder::new
FN:77,DeclarationBuilder::id
FN:82,DeclarationBuilder::kind
FN:87,DeclarationBuilder::scope
FN:92,DeclarationBuilder::severity
FN:97,DeclarationBuilder::statement
FN:102,DeclarationBuilder::rationale
FN:107,DeclarationBuilder::owner
FN:112,DeclarationBuilder::enforcement_profile
FN:117,DeclarationBuilder::tag
FN:127,DeclarationBuilder::overrides
FN:134,DeclarationBuilder::feature_ref
FN:139,DeclarationBuilder::build
FNF:15
FNDA:0,DeclarationId::new
FNDA:0,<impl Display for DeclarationId>::fmt
FNDA:0,DeclarationBuilder::new
FNDA:0,DeclarationBuilder::id
FNDA:0,DeclarationBuilder::kind
FNDA:0,DeclarationBuilder::scope
FNDA:0,DeclarationBuilder::severity
FNDA:0,DeclarationBuilder::statement
FNDA:0,DeclarationBuilder::rationale
FNDA:0,DeclarationBuilder::owner
FNDA:0,DeclarationBuilder::enforcement_profile
FNDA:0,DeclarationBuilder::tag
FNDA:0,DeclarationBuilder::overrides
FNDA:0,DeclarationBuilder::feature_ref
FNDA:0,DeclarationBuilder::build
DA:11,0
DA:12,0
DA:17,0
DA:18,0
DA:73,0
DA:74,0
DA:77,0
DA:78,0
DA:79,0
DA:82,0
DA:83,0
DA:84,0
DA:87,0
DA:88,0
DA:89,0
DA:92,0
DA:93,0
DA:94,0
DA:97,0
DA:98,0
DA:99,0
DA:102,0
DA:103,0
DA:104,0
DA:107,0
DA:108,0
DA:109,0
DA:112,0
DA:113,0
DA:114,0
DA:117,0
DA:118,0
DA:119,0
DA:127,0
DA:128,0
DA:129,0
DA:131,0
DA:134,0
DA:135,0
DA:136,0
DA:139,0
DA:140,0
DA:141,0
DA:143,0
DA:144,0
DA:146,0
DA:147,0
DA:149,0
DA:150,0
DA:152,0
DA:153,0
DA:155,0
DA:157,0
DA:158,0
DA:162,0
DA:163,0
DA:164,0
DA:165,0
DA:167,0
DA:168,0
DA:169,0
DA:170,0
LF:62
LH:0
end_of_record
TN:
SF:/home/alex/dev/rust/idd-dev/idd-dsl/crates/idd-dsl-core/src/enforcement.rs
FN:21,EnforcementProfile::new
FN:25,EnforcementProfile::is_point_active
FNF:2
FNDA:0,EnforcementProfile::new
FNDA:0,EnforcementProfile::is_point_active
DA:21,0
DA:25,0
DA:26,0
LF:3
LH:0
end_of_record
TN:
SF:/home/alex/dev/rust/idd-dev/idd-fir/crates/idd-fir-cli/src/main.rs
FN:10,parse_status
FN:252,main
FN:296,load_backend
FN:301,load_registry
FN:307,load_feature_mut
FN:320,dedup_push
FN:328,cmd_new
FN:371,new_feature
FN:411,new_story
FN:430,new_decision
FN:452,cmd_list
FN:509,cmd_show
FN:558,print_if_nonempty
FN:564,join_display
FN:573,print_related
FN:598,cmd_promote
FN:623,cmd_status
FN:638,cmd_defer
FN:658,cmd_abandon
FN:681,cmd_link
FN:711,cmd_decide
FN:738,get_graph_features
FN:753,print_feature
FN:765,cmd_graph
FN:777,filter_by_scope
FN:788,filter_by_feature
FN:810,format_feature_line
FN:824,print_active_features
FN:832,print_wishes
FN:845,cmd_context
FN:871,cmd_check
FN:901,update_basic_fields
FN:925,update_metadata_fields
FN:937,update_relationships
FN:958,cmd_update
FN:975,cmd_search
FN:1000,add_note_to_body
FN:1012,cmd_note
FNF:38
FNDA:1,parse_status
FNDA:0,main
FNDA:0,load_backend
FNDA:0,load_registry
FNDA:9,load_feature_mut
FNDA:6,dedup_push
FNDA:0,cmd_new
FNDA:0,new_feature
FNDA:0,new_story
FNDA:0,new_decision
FNDA:0,cmd_list
FNDA:0,cmd_show
FNDA:0,print_if_nonempty
FNDA:0,join_display
FNDA:0,print_related
FNDA:0,cmd_promote
FNDA:0,cmd_status
FNDA:0,cmd_defer
FNDA:0,cmd_abandon
FNDA:0,cmd_link
FNDA:0,cmd_decide
FNDA:0,get_graph_features
FNDA:0,print_feature
FNDA:0,cmd_graph
FNDA:0,filter_by_scope
FNDA:0,filter_by_feature
FNDA:0,format_feature_line
FNDA:0,print_active_features
FNDA:0,print_wishes
FNDA:0,cmd_context
FNDA:0,cmd_check
FNDA:1,update_basic_fields
FNDA:2,update_metadata_fields
FNDA:1,update_relationships
FNDA:1,cmd_update
FNDA:3,cmd_search
FNDA:1,add_note_to_body
FNDA:8,cmd_note
DA:10,1
DA:12,3
DA:13,2
DA:14,3
DA:15,2
DA:16,2
DA:17,2
DA:18,2
DA:19,2
DA:20,2
DA:21,2
DA:22,1
DA:252,0
DA:253,0
DA:254,0
DA:255,0
DA:256,0
DA:258,0
DA:259,0
DA:263,0
DA:266,0
DA:268,0
DA:269,0
DA:270,0
DA:271,0
DA:272,0
DA:273,0
DA:274,0
DA:275,0
DA:276,0
DA:277,0
DA:278,0
DA:279,0
DA:280,0
DA:281,0
DA:282,0
DA:283,0
DA:285,0
DA:286,0
DA:287,0
DA:289,0
DA:290,0
DA:291,0
DA:296,0
DA:297,0
DA:298,0
DA:301,0
DA:302,0
DA:303,0
DA:304,0
DA:307,9
DA:312,9
DA:313,11
DA:314,11
DA:316,17
DA:317,9
DA:320,6
DA:321,20
DA:322,6
DA:323,4
DA:328,0
DA:329,0
DA:330,0
DA:332,0
DA:333,0
DA:337,0
DA:339,0
DA:341,0
DA:343,0
DA:344,0
DA:345,0
DA:346,0
DA:347,0
DA:348,0
DA:351,0
DA:352,0
DA:353,0
DA:354,0
DA:355,0
DA:356,0
DA:359,0
DA:360,0
DA:361,0
DA:362,0
DA:363,0
DA:364,0
DA:368,0
DA:371,0
DA:378,0
DA:379,0
DA:380,0
DA:381,0
DA:384,0
DA:385,0
DA:386,0
DA:387,0
DA:389,0
DA:390,0
DA:392,0
DA:393,0
DA:394,0
DA:395,0
DA:396,0
DA:397,0
DA:398,0
DA:399,0
DA:400,0
DA:401,0
DA:402,0
DA:403,0
DA:404,0
DA:405,0
DA:406,0
DA:407,0
DA:411,0
DA:419,0
DA:420,0
DA:421,0
DA:423,0
DA:425,0
DA:430,0
DA:438,0
DA:439,0
DA:441,0
DA:442,0
DA:452,0
DA:453,0
DA:454,0
DA:456,0
DA:458,0
DA:459,0
DA:462,0
DA:464,0
DA:467,0
DA:468,0
DA:471,0
DA:472,0
DA:475,0
DA:476,0
DA:479,0
DA:480,0
DA:483,0
DA:484,0
DA:487,0
DA:488,0
DA:489,0
DA:492,0
DA:494,0
DA:495,0
DA:496,0
DA:499,0
DA:500,0
DA:501,0
DA:503,0
DA:506,0
DA:509,0
DA:510,0
DA:511,0
DA:513,0
DA:514,0
DA:515,0
DA:516,0
DA:517,0
DA:519,0
DA:520,0
DA:521,0
DA:522,0
DA:523,0
DA:524,0
DA:526,0
DA:527,0
DA:530,0
DA:531,0
DA:533,0
DA:534,0
DA:535,0
DA:536,0
DA:537,0
DA:538,0
DA:539,0
DA:540,0
DA:542,0
DA:543,0
DA:544,0
DA:545,0
DA:546,0
DA:547,0
DA:548,0
DA:549,0
DA:552,0
DA:555,0
DA:558,0
DA:559,0
DA:560,0
DA:564,0
DA:565,0
DA:566,0
DA:567,0
DA:569,0
DA:573,0
DA:574,0
DA:575,0
DA:576,0
DA:577,0
DA:583,0
DA:584,0
DA:585,0
DA:591,0
DA:592,0
DA:593,0
DA:598,0
DA:599,0
DA:600,0
DA:602,0
DA:603,0
DA:610,0
DA:611,0
DA:612,0
DA:613,0
DA:615,0
DA:616,0
DA:617,0
DA:618,0
DA:620,0
DA:623,0
DA:624,0
DA:625,0
DA:627,0
DA:628,0
DA:630,0
DA:631,0
DA:632,0
DA:633,0
DA:635,0
DA:638,0
DA:639,0
DA:640,0
DA:642,0
DA:643,0
DA:644,0
DA:645,0
DA:650,0
DA:651,0
DA:652,0
DA:653,0
DA:655,0
DA:658,0
DA:659,0
DA:660,0
DA:662,0
DA:663,0
DA:664,0
DA:665,0
DA:670,0
DA:671,0
DA:672,0
DA:673,0
DA:674,0
DA:675,0
DA:676,0
DA:678,0
DA:681,0
DA:682,0
DA:683,0
DA:686,0
DA:687,0
DA:689,0
DA:691,0
DA:692,0
DA:694,0
DA:695,0
DA:698,0
DA:699,0
DA:702,0
DA:703,0
DA:704,0
DA:705,0
DA:706,0
DA:708,0
DA:711,0
DA:712,0
DA:713,0
DA:715,0
DA:717,0
DA:718,0
DA:719,0
DA:720,0
DA:721,0
DA:722,0
DA:727,0
DA:730,0
DA:731,0
DA:732,0
DA:733,0
DA:735,0
DA:738,0
DA:739,0
DA:740,0
DA:741,0
DA:742,0
DA:745,0
DA:746,0
DA:747,0
DA:749,0
DA:753,0
DA:754,0
DA:755,0
DA:756,0
DA:757,0
DA:758,0
DA:760,0
DA:761,0
DA:765,0
DA:766,0
DA:767,0
DA:769,0
DA:770,0
DA:771,0
DA:774,0
DA:777,0
DA:778,0
DA:779,0
DA:780,0
DA:781,0
DA:782,0
DA:783,0
DA:784,0
DA:788,0
DA:789,0
DA:790,0
DA:792,0
DA:793,0
DA:794,0
DA:795,0
DA:796,0
DA:799,0
DA:800,0
DA:801,0
DA:802,0
DA:803,0
DA:804,0
DA:810,0
DA:811,0
DA:812,0
DA:814,0
DA:815,0
DA:816,0
DA:818,0
DA:819,0
DA:821,0
DA:824,0
DA:825,0
DA:826,0
DA:827,0
DA:828,0
DA:832,0
DA:833,0
DA:834,0
DA:835,0
DA:836,0
DA:837,0
DA:845,0
DA:846,0
DA:847,0
DA:849,0
DA:850,0
DA:853,0
DA:854,0
DA:855,0
DA:856,0
DA:860,0
DA:861,0
DA:862,0
DA:865,0
DA:866,0
DA:868,0
DA:871,0
DA:872,0
DA:873,0
DA:875,0
DA:878,0
DA:879,0
DA:880,0
DA:883,0
DA:884,0
DA:885,0
DA:886,0
DA:888,0
DA:891,0
DA:893,0
DA:895,0
DA:898,0
DA:901,1
DA:902,2
DA:903,1
DA:905,3
DA:906,2
DA:908,2
DA:909,1
DA:910,1
DA:911,1
DA:913,3
DA:914,1
DA:916,2
DA:917,1
DA:918,1
DA:920,1
DA:922,1
DA:925,2
DA:926,2
DA:927,1
DA:929,3
DA:930,1
DA:932,3
DA:933,1
DA:937,1
DA:939,2
DA:940,3
DA:943,1
DA:944,2
DA:947,2
DA:948,3
DA:951,1
DA:952,4
DA:953,1
DA:954,2
DA:958,1
DA:959,2
DA:960,3
DA:962,4
DA:963,3
DA:964,2
DA:966,1
DA:967,1
DA:968,2
DA:969,2
DA:970,4
DA:972,2
DA:975,3
DA:976,6
DA:978,4
DA:979,2
DA:980,1
DA:983,2
DA:984,2
DA:985,2
DA:986,1
DA:987,1
DA:988,1
DA:990,2
DA:991,1
DA:992,3
DA:994,3
DA:997,1
DA:1000,1
DA:1001,5
DA:1002,1
DA:1003,3
DA:1005,1
DA:1007,5
DA:1008,4
DA:1009,3
DA:1012,8
DA:1013,16
DA:1014,18
DA:1016,8
DA:1017,3
DA:1018,4
DA:1019,1
DA:1023,12
DA:1024,4
DA:1025,3
DA:1026,4
DA:1027,4
DA:1029,4
LF:475
LH:105
end_of_record
TN:
SF:/home/alex/dev/rust/idd-dev/idd-fir/crates/idd-fir-core/src/integrity.rs
FN:21,IntegrityChecker::check_all
FN:36,IntegrityChecker::check_referential
FN:77,IntegrityChecker::check_cycles
FN:90,IntegrityChecker::has_cycle
FN:110,IntegrityChecker::check_orphans
FN:122,IntegrityChecker::check_duplicate_ids
FN:139,IntegrityChecker::check_duplicate_feature_ids
FN:150,IntegrityChecker::check_duplicate_story_ids
FN:161,IntegrityChecker::check_duplicate_decision_ids
FN:172,IntegrityChecker::check_constraint_references
FNF:10
FNDA:0,IntegrityChecker::check_all
FNDA:0,IntegrityChecker::check_referential
FNDA:0,IntegrityChecker::check_cycles
FNDA:0,IntegrityChecker::has_cycle
FNDA:0,IntegrityChecker::check_orphans
FNDA:0,IntegrityChecker::check_duplicate_ids
FNDA:0,IntegrityChecker::check_duplicate_feature_ids
FNDA:0,IntegrityChecker::check_duplicate_story_ids
FNDA:0,IntegrityChecker::check_duplicate_decision_ids
FNDA:0,IntegrityChecker::check_constraint_references
DA:21,0
DA:25,0
DA:26,0
DA:27,0
DA:28,0
DA:29,0
DA:30,0
DA:31,0
DA:32,0
DA:33,0
DA:36,0
DA:37,0
DA:38,0
DA:39,0
DA:40,0
DA:42,0
DA:43,0
DA:47,0
DA:48,0
DA:49,0
DA:51,0
DA:52,0
DA:56,0
DA:57,0
DA:58,0
DA:60,0
DA:61,0
DA:65,0
DA:66,0
DA:67,0
DA:69,0
DA:70,0
DA:77,0
DA:78,0
DA:79,0
DA:80,0
DA:81,0
DA:83,0
DA:84,0
DA:90,0
DA:95,0
DA:96,0
DA:98,0
DA:99,0
DA:101,0
DA:102,0
DA:103,0
DA:106,0
DA:107,0
DA:110,0
DA:111,0
DA:112,0
DA:113,0
DA:115,0
DA:116,0
DA:122,0
DA:127,0
DA:128,0
DA:129,0
DA:130,0
DA:131,0
DA:132,0
DA:133,0
DA:139,0
DA:141,0
DA:143,0
DA:144,0
DA:150,0
DA:152,0
DA:154,0
DA:155,0
DA:161,0
DA:163,0
DA:165,0
DA:166,0
DA:172,0
DA:177,0
DA:180,0
DA:181,0
DA:184,0
DA:186,0
DA:187,0
DA:188,0
DA:190,0
DA:191,0
LF:85
LH:0
end_of_record
TN:
SF:/home/alex/dev/rust/idd-dev/idd-fir/crates/idd-fir-core/src/memory.rs
FN:10,InMemoryBackend::new
FN:14,InMemoryBackend::with_registry
FN:18,InMemoryBackend::registry
FN:24,<impl FirBackend for InMemoryBackend>::load_all
FN:28,<impl FirBackend for InMemoryBackend>::load_feature
FN:35,<impl FirBackend for InMemoryBackend>::save_feature
FN:49,<impl FirBackend for InMemoryBackend>::load_story
FN:56,<impl FirBackend for InMemoryBackend>::save_story
FN:65,<impl FirBackend for InMemoryBackend>::load_decision
FN:72,<impl FirBackend for InMemoryBackend>::save_decision
FN:86,<impl FirBackend for InMemoryBackend>::next_id
FN:94,<impl FirBackend for InMemoryBackend>::search
FNF:12
FNDA:0,InMemoryBackend::new
FNDA:16,InMemoryBackend::with_registry
FNDA:0,InMemoryBackend::registry
FNDA:1,<impl FirBackend for InMemoryBackend>::load_all
FNDA:2,<impl FirBackend for InMemoryBackend>::load_feature
FNDA:1,<impl FirBackend for InMemoryBackend>::save_feature
FNDA:0,<impl FirBackend for InMemoryBackend>::load_story
FNDA:0,<impl FirBackend for InMemoryBackend>::save_story
FNDA:0,<impl FirBackend for InMemoryBackend>::load_decision
FNDA:0,<impl FirBackend for InMemoryBackend>::save_decision
FNDA:0,<impl FirBackend for InMemoryBackend>::next_id
FNDA:1,<impl FirBackend for InMemoryBackend>::search
DA:10,0
DA:11,0
DA:14,16
DA:18,0
DA:24,1
DA:25,1
DA:28,2
DA:29,2
DA:30,2
DA:32,2
DA:35,1
DA:36,2
DA:40,3
DA:42,2
DA:44,0
DA:46,1
DA:49,0
DA:50,0
DA:51,0
DA:53,0
DA:56,0
DA:57,0
DA:58,0
DA:60,0
DA:62,0
DA:65,0
DA:66,0
DA:67,0
DA:69,0
DA:72,0
DA:73,0
DA:77,0
DA:79,0
DA:81,0
DA:83,0
DA:86,0
DA:87,0
DA:88,0
DA:89,0
DA:90,0
DA:94,1
DA:95,1
DA:96,1
DA:98,8
DA:99,8
DA:100,1
DA:101,1
DA:103,1
DA:104,2
DA:109,3
DA:110,6
DA:111,1
DA:112,1
DA:114,1
DA:115,2
DA:120,3
DA:121,7
DA:122,1
DA:123,1
DA:125,2
DA:126,2
DA:131,3
LF:62
LH:34
end_of_record
TN:
SF:/home/alex/dev/rust/idd-dev/idd-fir/crates/idd-fir-core/src/model.rs
FN:11,FeatureId::new
FN:17,<impl Display for FeatureId>::fmt
FN:26,StoryId::new
FN:32,<impl Display for StoryId>::fmt
FN:41,DecisionId::new
FN:47,<impl Display for DecisionId>::fmt
FN:70,FeatureStatus::next
FN:83,FeatureStatus::is_terminal
FN:90,FeatureStatus::is_active
FN:102,<impl Display for FeatureStatus>::fmt
FN:246,Registry::new
FN:250,Registry::feature
FN:254,Registry::feature_mut
FN:258,Registry::story
FN:262,Registry::decision
FN:266,Registry::alloc_feature_id
FN:272,Registry::alloc_story_id
FN:278,Registry::alloc_decision_id
FN:284,Registry::active_features
FN:291,Registry::features_by_status
FN:298,Registry::features_by_tag
FN:305,Registry::features_by_story
FN:312,Registry::features_blocking
FN:319,Registry::transitive_dependencies
FN:323,Registry::transitive_dependencies_depth
FN:334,Registry::_collect_deps
FNF:26
FNDA:16,FeatureId::new
FNDA:0,<impl Display for FeatureId>::fmt
FNDA:16,StoryId::new
FNDA:0,<impl Display for StoryId>::fmt
FNDA:16,DecisionId::new
FNDA:0,<impl Display for DecisionId>::fmt
FNDA:0,FeatureStatus::next
FNDA:0,FeatureStatus::is_terminal
FNDA:0,FeatureStatus::is_active
FNDA:0,<impl Display for FeatureStatus>::fmt
FNDA:16,Registry::new
FNDA:1,Registry::feature
FNDA:0,Registry::feature_mut
FNDA:0,Registry::story
FNDA:0,Registry::decision
FNDA:0,Registry::alloc_feature_id
FNDA:0,Registry::alloc_story_id
FNDA:0,Registry::alloc_decision_id
FNDA:0,Registry::active_features
FNDA:0,Registry::features_by_status
FNDA:0,Registry::features_by_tag
FNDA:0,Registry::features_by_story
FNDA:0,Registry::features_blocking
FNDA:0,Registry::transitive_dependencies
FNDA:0,Registry::transitive_dependencies_depth
FNDA:0,Registry::_collect_deps
DA:11,16
DA:12,16
DA:17,0
DA:18,0
DA:26,16
DA:27,16
DA:32,0
DA:33,0
DA:41,16
DA:42,16
DA:47,0
DA:48,0
DA:70,0
DA:71,0
DA:72,0
DA:73,0
DA:74,0
DA:75,0
DA:76,0
DA:77,0
DA:78,0
DA:79,0
DA:83,0
DA:84,0
DA:85,0
DA:90,0
DA:91,0
DA:92,0
DA:102,0
DA:103,0
DA:104,0
DA:105,0
DA:106,0
DA:107,0
DA:108,0
DA:109,0
DA:110,0
DA:111,0
DA:112,0
DA:113,0
DA:115,0
DA:246,16
DA:247,15
DA:250,1
DA:251,9
DA:254,0
DA:255,0
DA:258,0
DA:259,0
DA:262,0
DA:263,0
DA:266,0
DA:267,0
DA:268,0
DA:269,0
DA:272,0
DA:273,0
DA:274,0
DA:275,0
DA:278,0
DA:279,0
DA:280,0
DA:281,0
DA:284,0
DA:285,0
DA:287,0
DA:291,0
DA:292,0
DA:294,0
DA:298,0
DA:299,0
DA:301,0
DA:305,0
DA:306,0
DA:308,0
DA:312,0
DA:313,0
DA:315,0
DA:319,0
DA:320,0
DA:323,0
DA:328,0
DA:329,0
DA:330,0
DA:331,0
DA:334,0
DA:342,0
DA:343,0
DA:345,0
DA:346,0
DA:348,0
DA:349,0
DA:350,0
DA:351,0
DA:400,0
DA:422,0
DA:424,0
DA:953,0
DA:955,0
LF:99
LH:10
end_of_record
TN:
SF:/home/alex/dev/rust/idd-dev/idd-fir/crates/idd-fir-core/src/query.rs
FN:197,Query<'a>::new
FN:211,Query<'a>::status
FN:217,Query<'a>::tag
FN:223,Query<'a>::story
FN:229,Query<'a>::blocks
FN:235,Query<'a>::constraint
FN:241,Query<'a>::depends_on
FN:247,Query<'a>::stale_days
FN:253,Query<'a>::recent_days
FN:259,Query<'a>::resolve
FNF:10
FNDA:0,Query<'a>::new
FNDA:0,Query<'a>::status
FNDA:0,Query<'a>::tag
FNDA:0,Query<'a>::story
FNDA:0,Query<'a>::blocks
FNDA:0,Query<'a>::constraint
FNDA:0,Query<'a>::depends_on
FNDA:0,Query<'a>::stale_days
FNDA:0,Query<'a>::recent_days
FNDA:0,Query<'a>::resolve
DA:197,0
DA:200,0
DA:211,0
DA:212,0
DA:213,0
DA:217,0
DA:218,0
DA:219,0
DA:223,0
DA:224,0
DA:225,0
DA:229,0
DA:230,0
DA:231,0
DA:235,0
DA:236,0
DA:237,0
DA:241,0
DA:242,0
DA:243,0
DA:247,0
DA:248,0
DA:249,0
DA:253,0
DA:254,0
DA:255,0
DA:259,0
DA:260,0
DA:261,0
DA:262,0
DA:265,0
DA:266,0
DA:268,0
DA:269,0
DA:270,0
DA:272,0
DA:273,0
DA:274,0
DA:277,0
DA:278,0
DA:279,0
DA:282,0
DA:283,0
DA:284,0
DA:287,0
DA:288,0
DA:289,0
DA:292,0
DA:293,0
DA:294,0
DA:297,0
DA:298,0
DA:299,0
DA:300,0
DA:301,0
DA:303,0
DA:304,0
DA:307,0
LF:58
LH:0
end_of_record
TN:
SF:/home/alex/dev/rust/idd-dev/idd-fir/crates/idd-fir-fs/src/file_backend.rs
FN:11,write_md
FN:23,read_md
FN:42,FileBackend::new
FN:51,FileBackend::fir_path
FN:55,FileBackend::feature_path
FN:61,FileBackend::story_path
FN:65,FileBackend::decision_path
FN:71,FileBackend::ensure_dirs
FN:80,FileBackend::load_config
FN:92,FileBackend::archive_feature
FN:104,<impl FirBackend for FileBackend>::load_all
FN:163,<impl FirBackend for FileBackend>::load_feature
FN:170,<impl FirBackend for FileBackend>::save_feature
FN:176,<impl FirBackend for FileBackend>::load_story
FN:183,<impl FirBackend for FileBackend>::save_story
FN:189,<impl FirBackend for FileBackend>::load_decision
FN:196,<impl FirBackend for FileBackend>::save_decision
FN:202,<impl FirBackend for FileBackend>::next_id
FN:210,<impl FirBackend for FileBackend>::search
FNF:19
FNDA:0,write_md
FNDA:0,read_md
FNDA:0,FileBackend::new
FNDA:0,FileBackend::fir_path
FNDA:0,FileBackend::feature_path
FNDA:0,FileBackend::story_path
FNDA:0,FileBackend::decision_path
FNDA:0,FileBackend::ensure_dirs
FNDA:0,FileBackend::load_config
FNDA:0,FileBackend::archive_feature
FNDA:0,<impl FirBackend for FileBackend>::load_all
FNDA:0,<impl FirBackend for FileBackend>::load_feature
FNDA:0,<impl FirBackend for FileBackend>::save_feature
FNDA:0,<impl FirBackend for FileBackend>::load_story
FNDA:0,<impl FirBackend for FileBackend>::save_story
FNDA:0,<impl FirBackend for FileBackend>::load_decision
FNDA:0,<impl FirBackend for FileBackend>::save_decision
FNDA:0,<impl FirBackend for FileBackend>::next_id
FNDA:0,<impl FirBackend for FileBackend>::search
DA:11,0
DA:12,0
DA:13,0
DA:15,0
DA:16,0
DA:17,0
DA:18,0
DA:19,0
DA:20,0
DA:23,0
DA:24,0
DA:25,0
DA:26,0
DA:28,0
DA:31,0
DA:32,0
DA:33,0
DA:42,0
DA:45,0
DA:47,0
DA:48,0
DA:51,0
DA:52,0
DA:55,0
DA:56,0
DA:58,0
DA:61,0
DA:62,0
DA:65,0
DA:66,0
DA:68,0
DA:71,0
DA:72,0
DA:73,0
DA:74,0
DA:75,0
DA:76,0
DA:77,0
DA:80,0
DA:81,0
DA:82,0
DA:83,0
DA:84,0
DA:86,0
DA:89,0
DA:92,0
DA:93,0
DA:94,0
DA:95,0
DA:96,0
DA:97,0
DA:99,0
DA:104,0
DA:105,0
DA:106,0
DA:107,0
DA:108,0
DA:112,0
DA:113,0
DA:114,0
DA:118,0
DA:119,0
DA:120,0
DA:121,0
DA:122,0
DA:123,0
DA:124,0
DA:125,0
DA:126,0
DA:127,0
DA:132,0
DA:133,0
DA:134,0
DA:135,0
DA:136,0
DA:137,0
DA:138,0
DA:139,0
DA:140,0
DA:141,0
DA:146,0
DA:147,0
DA:148,0
DA:149,0
DA:150,0
DA:151,0
DA:152,0
DA:153,0
DA:154,0
DA:155,0
DA:160,0
DA:163,0
DA:164,0
DA:165,0
DA:166,0
DA:167,0
DA:170,0
DA:171,0
DA:172,0
DA:173,0
DA:176,0
DA:177,0
DA:178,0
DA:179,0
DA:180,0
DA:183,0
DA:184,0
DA:185,0
DA:186,0
DA:189,0
DA:190,0
DA:191,0
DA:192,0
DA:193,0
DA:196,0
DA:197,0
DA:198,0
DA:199,0
DA:202,0
DA:203,0
DA:204,0
DA:205,0
DA:206,0
DA:210,0
DA:211,0
DA:212,0
DA:214,0
DA:215,0
DA:216,0
DA:217,0
DA:219,0
DA:220,0
DA:225,0
DA:226,0
DA:227,0
DA:228,0
DA:230,0
DA:231,0
DA:236,0
DA:237,0
DA:238,0
DA:239,0
DA:241,0
DA:242,0
DA:247,0
LF:145
LH:0
end_of_record
TN:
SF:/home/alex/dev/rust/idd-dev/idd-fir/crates/idd-fir-fs/src/frontmatter.rs
FN:9,parse_frontmatter
FN:30,render_frontmatter
FNF:2
FNDA:0,parse_frontmatter
FNDA:0,render_frontmatter
DA:9,0
DA:10,0
DA:11,0
DA:12,0
DA:15,0
DA:16,0
DA:18,0
DA:21,0
DA:22,0
DA:24,0
DA:25,0
DA:27,0
DA:30,0
DA:31,0
DA:32,0
LF:15
LH:0
end_of_record
